<?xml version="1.0" encoding="UTF-8"?>
<!-- Generated by org.testng.reporters.JUnitReportReporter -->
<testsuite skipped="0" hostname="DESKTOP-MSM9NKR" name="testCases.NC6" tests="1" failures="0" timestamp="2021-04-24T20:27:20 IST" time="27.587" errors="0">
  <testcase name="verifyadress" time="27.587" classname="testCases.NC6"/>
  <system-out/>
</testsuite> <!-- testCases.NC6 -->
