<?xml version="1.0" encoding="UTF-8"?>
<!-- Generated by org.testng.reporters.JUnitReportReporter -->
<testsuite skipped="0" hostname="DESKTOP-MSM9NKR" name="testCases.NC5" tests="1" failures="0" timestamp="2021-04-24T20:23:36 IST" time="17.933" errors="0">
  <testcase name="verifyadress" time="17.933" classname="testCases.NC5"/>
  <system-out/>
</testsuite> <!-- testCases.NC5 -->
