<?xml version="1.0" encoding="UTF-8"?>
<!-- Generated by org.testng.reporters.JUnitReportReporter -->
<testsuite skipped="0" hostname="DESKTOP-MSM9NKR" name="testCases.EC2" tests="1" failures="0" timestamp="2021-04-24T22:38:56 IST" time="5.704" errors="0">
  <testcase name="editcust" time="5.704" classname="testCases.EC2"/>
  <system-out/>
</testsuite> <!-- testCases.EC2 -->
